{"total": {"lines":{"total":847,"covered":42,"skipped":0,"pct":4.95},"statements":{"total":847,"covered":42,"skipped":0,"pct":4.95},"functions":{"total":10,"covered":5,"skipped":0,"pct":50},"branches":{"total":13,"covered":6,"skipped":0,"pct":46.15},"branchesTrue":{"total":0,"covered":0,"skipped":0,"pct":"Unknown"}}
,"C:\\Users\\Geromy\\OneDrive\\Documents\\VS_Code\\ECE461\\Software-Engineering-Project\\src\\api_access.ts": {"lines":{"total":292,"covered":0,"skipped":0,"pct":0},"functions":{"total":1,"covered":0,"skipped":0,"pct":0},"statements":{"total":292,"covered":0,"skipped":0,"pct":0},"branches":{"total":1,"covered":0,"skipped":0,"pct":0}}
,"C:\\Users\\Geromy\\OneDrive\\Documents\\VS_Code\\ECE461\\Software-Engineering-Project\\src\\logger.ts": {"lines":{"total":33,"covered":29,"skipped":0,"pct":87.87},"functions":{"total":4,"covered":4,"skipped":0,"pct":100},"statements":{"total":33,"covered":29,"skipped":0,"pct":87.87},"branches":{"total":7,"covered":5,"skipped":0,"pct":71.42}}
,"C:\\Users\\Geromy\\OneDrive\\Documents\\VS_Code\\ECE461\\Software-Engineering-Project\\src\\main.ts": {"lines":{"total":58,"covered":0,"skipped":0,"pct":0},"functions":{"total":1,"covered":0,"skipped":0,"pct":0},"statements":{"total":58,"covered":0,"skipped":0,"pct":0},"branches":{"total":1,"covered":0,"skipped":0,"pct":0}}
,"C:\\Users\\Geromy\\OneDrive\\Documents\\VS_Code\\ECE461\\Software-Engineering-Project\\src\\metric.ts": {"lines":{"total":233,"covered":0,"skipped":0,"pct":0},"functions":{"total":1,"covered":0,"skipped":0,"pct":0},"statements":{"total":233,"covered":0,"skipped":0,"pct":0},"branches":{"total":1,"covered":0,"skipped":0,"pct":0}}
,"C:\\Users\\Geromy\\OneDrive\\Documents\\VS_Code\\ECE461\\Software-Engineering-Project\\src\\output.ts": {"lines":{"total":13,"covered":13,"skipped":0,"pct":100},"functions":{"total":1,"covered":1,"skipped":0,"pct":100},"statements":{"total":13,"covered":13,"skipped":0,"pct":100},"branches":{"total":1,"covered":1,"skipped":0,"pct":100}}
,"C:\\Users\\Geromy\\OneDrive\\Documents\\VS_Code\\ECE461\\Software-Engineering-Project\\src\\repository.ts": {"lines":{"total":72,"covered":0,"skipped":0,"pct":0},"functions":{"total":1,"covered":0,"skipped":0,"pct":0},"statements":{"total":72,"covered":0,"skipped":0,"pct":0},"branches":{"total":1,"covered":0,"skipped":0,"pct":0}}
,"C:\\Users\\Geromy\\OneDrive\\Documents\\VS_Code\\ECE461\\Software-Engineering-Project\\src\\urlFileParser.ts": {"lines":{"total":146,"covered":0,"skipped":0,"pct":0},"functions":{"total":1,"covered":0,"skipped":0,"pct":0},"statements":{"total":146,"covered":0,"skipped":0,"pct":0},"branches":{"total":1,"covered":0,"skipped":0,"pct":0}}
}
